execve("./a.out", ["./a.out"], [/* 95 vars */]) = 0
uname({sys="Linux", node="kantarell", ...}) = 0
brk(0)                                  = 0x99ac000
access("/etc/ld.so.preload", R_OK)      = -1 ENOENT (No such file or directory)
open("/afs/pdc.kth.se/home/a/arnee/MODULES/utils/expat/expat-1.95.1/linux/lib/tls/i686/sse2/libc.so.6", O_RDONLY) = -1 ENOENT (No such file or directory)
stat64("/afs/pdc.kth.se/home/a/arnee/MODULES/utils/expat/expat-1.95.1/linux/lib/tls/i686/sse2", 0xbffed16c) = -1 ENOENT (No such file or directory)
open("/afs/pdc.kth.se/home/a/arnee/MODULES/utils/expat/expat-1.95.1/linux/lib/tls/i686/libc.so.6", O_RDONLY) = -1 ENOENT (No such file or directory)
stat64("/afs/pdc.kth.se/home/a/arnee/MODULES/utils/expat/expat-1.95.1/linux/lib/tls/i686", 0xbffed16c) = -1 ENOENT (No such file or directory)
open("/afs/pdc.kth.se/home/a/arnee/MODULES/utils/expat/expat-1.95.1/linux/lib/tls/sse2/libc.so.6", O_RDONLY) = -1 ENOENT (No such file or directory)
stat64("/afs/pdc.kth.se/home/a/arnee/MODULES/utils/expat/expat-1.95.1/linux/lib/tls/sse2", 0xbffed16c) = -1 ENOENT (No such file or directory)
open("/afs/pdc.kth.se/home/a/arnee/MODULES/utils/expat/expat-1.95.1/linux/lib/tls/libc.so.6", O_RDONLY) = -1 ENOENT (No such file or directory)
stat64("/afs/pdc.kth.se/home/a/arnee/MODULES/utils/expat/expat-1.95.1/linux/lib/tls", 0xbffed16c) = -1 ENOENT (No such file or directory)
open("/afs/pdc.kth.se/home/a/arnee/MODULES/utils/expat/expat-1.95.1/linux/lib/i686/sse2/libc.so.6", O_RDONLY) = -1 ENOENT (No such file or directory)
stat64("/afs/pdc.kth.se/home/a/arnee/MODULES/utils/expat/expat-1.95.1/linux/lib/i686/sse2", 0xbffed16c) = -1 ENOENT (No such file or directory)
open("/afs/pdc.kth.se/home/a/arnee/MODULES/utils/expat/expat-1.95.1/linux/lib/i686/libc.so.6", O_RDONLY) = -1 ENOENT (No such file or directory)
stat64("/afs/pdc.kth.se/home/a/arnee/MODULES/utils/expat/expat-1.95.1/linux/lib/i686", 0xbffed16c) = -1 ENOENT (No such file or directory)
open("/afs/pdc.kth.se/home/a/arnee/MODULES/utils/expat/expat-1.95.1/linux/lib/sse2/libc.so.6", O_RDONLY) = -1 ENOENT (No such file or directory)
stat64("/afs/pdc.kth.se/home/a/arnee/MODULES/utils/expat/expat-1.95.1/linux/lib/sse2", 0xbffed16c) = -1 ENOENT (No such file or directory)
open("/afs/pdc.kth.se/home/a/arnee/MODULES/utils/expat/expat-1.95.1/linux/lib/libc.so.6", O_RDONLY) = -1 ENOENT (No such file or directory)
stat64("/afs/pdc.kth.se/home/a/arnee/MODULES/utils/expat/expat-1.95.1/linux/lib", {st_mode=S_IFDIR|0777, st_size=2048, ...}) = 0
open("/afs/pdc.kth.se/home/a/arnee/MODULES/utils/expat/expat-1.95.1/linux/lib/libc.so.6", O_RDONLY) = -1 ENOENT (No such file or directory)
open("tls/i686/sse2/libc.so.6", O_RDONLY) = -1 ENOENT (No such file or directory)
open("tls/i686/libc.so.6", O_RDONLY)    = -1 ENOENT (No such file or directory)
open("tls/sse2/libc.so.6", O_RDONLY)    = -1 ENOENT (No such file or directory)
open("tls/libc.so.6", O_RDONLY)         = -1 ENOENT (No such file or directory)
open("i686/sse2/libc.so.6", O_RDONLY)   = -1 ENOENT (No such file or directory)
open("i686/libc.so.6", O_RDONLY)        = -1 ENOENT (No such file or directory)
open("sse2/libc.so.6", O_RDONLY)        = -1 ENOENT (No such file or directory)
open("libc.so.6", O_RDONLY)             = -1 ENOENT (No such file or directory)
open("/afs/pdc.kth.se/i386_linux62/usr/local/vol/intel-compilers/compiler50/ia32/lib/tls/i686/sse2/libc.so.6", O_RDONLY) = -1 ENOENT (No such file or directory)
stat64("/afs/pdc.kth.se/i386_linux62/usr/local/vol/intel-compilers/compiler50/ia32/lib/tls/i686/sse2", 0xbffed16c) = -1 ENOENT (No such file or directory)
open("/afs/pdc.kth.se/i386_linux62/usr/local/vol/intel-compilers/compiler50/ia32/lib/tls/i686/libc.so.6", O_RDONLY) = -1 ENOENT (No such file or directory)
stat64("/afs/pdc.kth.se/i386_linux62/usr/local/vol/intel-compilers/compiler50/ia32/lib/tls/i686", 0xbffed16c) = -1 ENOENT (No such file or directory)
open("/afs/pdc.kth.se/i386_linux62/usr/local/vol/intel-compilers/compiler50/ia32/lib/tls/sse2/libc.so.6", O_RDONLY) = -1 ENOENT (No such file or directory)
stat64("/afs/pdc.kth.se/i386_linux62/usr/local/vol/intel-compilers/compiler50/ia32/lib/tls/sse2", 0xbffed16c) = -1 ENOENT (No such file or directory)
open("/afs/pdc.kth.se/i386_linux62/usr/local/vol/intel-compilers/compiler50/ia32/lib/tls/libc.so.6", O_RDONLY) = -1 ENOENT (No such file or directory)
stat64("/afs/pdc.kth.se/i386_linux62/usr/local/vol/intel-compilers/compiler50/ia32/lib/tls", 0xbffed16c) = -1 ENOENT (No such file or directory)
open("/afs/pdc.kth.se/i386_linux62/usr/local/vol/intel-compilers/compiler50/ia32/lib/i686/sse2/libc.so.6", O_RDONLY) = -1 ENOENT (No such file or directory)
stat64("/afs/pdc.kth.se/i386_linux62/usr/local/vol/intel-compilers/compiler50/ia32/lib/i686/sse2", 0xbffed16c) = -1 ENOENT (No such file or directory)
open("/afs/pdc.kth.se/i386_linux62/usr/local/vol/intel-compilers/compiler50/ia32/lib/i686/libc.so.6", O_RDONLY) = -1 ENOENT (No such file or directory)
stat64("/afs/pdc.kth.se/i386_linux62/usr/local/vol/intel-compilers/compiler50/ia32/lib/i686", 0xbffed16c) = -1 ENOENT (No such file or directory)
open("/afs/pdc.kth.se/i386_linux62/usr/local/vol/intel-compilers/compiler50/ia32/lib/sse2/libc.so.6", O_RDONLY) = -1 ENOENT (No such file or directory)
stat64("/afs/pdc.kth.se/i386_linux62/usr/local/vol/intel-compilers/compiler50/ia32/lib/sse2", 0xbffed16c) = -1 ENOENT (No such file or directory)
open("/afs/pdc.kth.se/i386_linux62/usr/local/vol/intel-compilers/compiler50/ia32/lib/libc.so.6", O_RDONLY) = -1 ENOENT (No such file or directory)
stat64("/afs/pdc.kth.se/i386_linux62/usr/local/vol/intel-compilers/compiler50/ia32/lib", {st_mode=S_IFDIR|0755, st_size=2048, ...}) = 0
open("/pdc/vol/i-compilers/7.1-31/compiler71/ia32/lib/tls/i686/sse2/libc.so.6", O_RDONLY) = -1 ENOENT (No such file or directory)
stat64("/pdc/vol/i-compilers/7.1-31/compiler71/ia32/lib/tls/i686/sse2", 0xbffed16c) = -1 ENOENT (No such file or directory)
open("/pdc/vol/i-compilers/7.1-31/compiler71/ia32/lib/tls/i686/libc.so.6", O_RDONLY) = -1 ENOENT (No such file or directory)
stat64("/pdc/vol/i-compilers/7.1-31/compiler71/ia32/lib/tls/i686", 0xbffed16c) = -1 ENOENT (No such file or directory)
open("/pdc/vol/i-compilers/7.1-31/compiler71/ia32/lib/tls/sse2/libc.so.6", O_RDONLY) = -1 ENOENT (No such file or directory)
stat64("/pdc/vol/i-compilers/7.1-31/compiler71/ia32/lib/tls/sse2", 0xbffed16c) = -1 ENOENT (No such file or directory)
open("/pdc/vol/i-compilers/7.1-31/compiler71/ia32/lib/tls/libc.so.6", O_RDONLY) = -1 ENOENT (No such file or directory)
stat64("/pdc/vol/i-compilers/7.1-31/compiler71/ia32/lib/tls", 0xbffed16c) = -1 ENOENT (No such file or directory)
open("/pdc/vol/i-compilers/7.1-31/compiler71/ia32/lib/i686/sse2/libc.so.6", O_RDONLY) = -1 ENOENT (No such file or directory)
stat64("/pdc/vol/i-compilers/7.1-31/compiler71/ia32/lib/i686/sse2", 0xbffed16c) = -1 ENOENT (No such file or directory)
open("/pdc/vol/i-compilers/7.1-31/compiler71/ia32/lib/i686/libc.so.6", O_RDONLY) = -1 ENOENT (No such file or directory)
stat64("/pdc/vol/i-compilers/7.1-31/compiler71/ia32/lib/i686", 0xbffed16c) = -1 ENOENT (No such file or directory)
open("/pdc/vol/i-compilers/7.1-31/compiler71/ia32/lib/sse2/libc.so.6", O_RDONLY) = -1 ENOENT (No such file or directory)
stat64("/pdc/vol/i-compilers/7.1-31/compiler71/ia32/lib/sse2", 0xbffed16c) = -1 ENOENT (No such file or directory)
open("/pdc/vol/i-compilers/7.1-31/compiler71/ia32/lib/libc.so.6", O_RDONLY) = -1 ENOENT (No such file or directory)
stat64("/pdc/vol/i-compilers/7.1-31/compiler71/ia32/lib", {st_mode=S_IFDIR|0777, st_size=2048, ...}) = 0
open("/afs/pdc.kth.se/home/b/bjornw/bjorn/modules/lib/tls/i686/sse2/libc.so.6", O_RDONLY) = -1 ENOENT (No such file or directory)
stat64("/afs/pdc.kth.se/home/b/bjornw/bjorn/modules/lib/tls/i686/sse2", 0xbffed16c) = -1 ENOENT (No such file or directory)
open("/afs/pdc.kth.se/home/b/bjornw/bjorn/modules/lib/tls/i686/libc.so.6", O_RDONLY) = -1 ENOENT (No such file or directory)
stat64("/afs/pdc.kth.se/home/b/bjornw/bjorn/modules/lib/tls/i686", 0xbffed16c) = -1 ENOENT (No such file or directory)
open("/afs/pdc.kth.se/home/b/bjornw/bjorn/modules/lib/tls/sse2/libc.so.6", O_RDONLY) = -1 ENOENT (No such file or directory)
stat64("/afs/pdc.kth.se/home/b/bjornw/bjorn/modules/lib/tls/sse2", 0xbffed16c) = -1 ENOENT (No such file or directory)
open("/afs/pdc.kth.se/home/b/bjornw/bjorn/modules/lib/tls/libc.so.6", O_RDONLY) = -1 ENOENT (No such file or directory)
stat64("/afs/pdc.kth.se/home/b/bjornw/bjorn/modules/lib/tls", 0xbffed16c) = -1 ENOENT (No such file or directory)
open("/afs/pdc.kth.se/home/b/bjornw/bjorn/modules/lib/i686/sse2/libc.so.6", O_RDONLY) = -1 ENOENT (No such file or directory)
stat64("/afs/pdc.kth.se/home/b/bjornw/bjorn/modules/lib/i686/sse2", 0xbffed16c) = -1 ENOENT (No such file or directory)
open("/afs/pdc.kth.se/home/b/bjornw/bjorn/modules/lib/i686/libc.so.6", O_RDONLY) = -1 ENOENT (No such file or directory)
stat64("/afs/pdc.kth.se/home/b/bjornw/bjorn/modules/lib/i686", 0xbffed16c) = -1 ENOENT (No such file or directory)
open("/afs/pdc.kth.se/home/b/bjornw/bjorn/modules/lib/sse2/libc.so.6", O_RDONLY) = -1 ENOENT (No such file or directory)
stat64("/afs/pdc.kth.se/home/b/bjornw/bjorn/modules/lib/sse2", 0xbffed16c) = -1 ENOENT (No such file or directory)
open("/afs/pdc.kth.se/home/b/bjornw/bjorn/modules/lib/libc.so.6", O_RDONLY) = -1 ENOENT (No such file or directory)
stat64("/afs/pdc.kth.se/home/b/bjornw/bjorn/modules/lib", {st_mode=S_IFDIR|0755, st_size=2048, ...}) = 0
open("/etc/ld.so.cache", O_RDONLY)      = 3
fstat64(3, {st_mode=S_IFREG|0644, st_size=99964, ...}) = 0
old_mmap(NULL, 99964, PROT_READ, MAP_PRIVATE, 3, 0) = 0x40000000
close(3)                                = 0
open("/lib/tls/libc.so.6", O_RDONLY)    = 3
read(3, "\177ELF\1\1\1\0\0\0\0\0\0\0\0\0\3\0\3\0\1\0\0\0\20\317"..., 512) = 512
fstat64(3, {st_mode=S_IFREG|0755, st_size=1212936, ...}) = 0
old_mmap(NULL, 4096, PROT_READ|PROT_WRITE, MAP_PRIVATE|MAP_ANONYMOUS, -1, 0) = 0x40019000
old_mmap(0xb58000, 1215644, PROT_READ|PROT_EXEC, MAP_PRIVATE|MAP_DENYWRITE, 3, 0) = 0xb58000
old_mmap(0xc7b000, 16384, PROT_READ|PROT_WRITE, MAP_PRIVATE|MAP_FIXED|MAP_DENYWRITE, 3, 0x123000) = 0xc7b000
old_mmap(0xc7f000, 7324, PROT_READ|PROT_WRITE, MAP_PRIVATE|MAP_FIXED|MAP_ANONYMOUS, -1, 0) = 0xc7f000
close(3)                                = 0
old_mmap(NULL, 4096, PROT_READ|PROT_WRITE, MAP_PRIVATE|MAP_ANONYMOUS, -1, 0) = 0x4001a000
mprotect(0xc7b000, 4096, PROT_READ)     = 0
mprotect(0xb50000, 4096, PROT_READ)     = 0
set_thread_area({entry_number:-1 -> 6, base_addr:0x40019da0, limit:1048575, seg_32bit:1, contents:0, read_exec_only:0, limit_in_pages:1, seg_not_present:0, useable:1}) = 0
munmap(0x40000000, 99964)               = 0
fstat64(1, {st_mode=S_IFCHR|0620, st_rdev=makedev(136, 8), ...}) = 0
mmap2(NULL, 4096, PROT_READ|PROT_WRITE, MAP_PRIVATE|MAP_ANONYMOUS, -1, 0) = 0x40000000
write(1, "Usage: contact_map [pdb_file] cu"..., 37) = 37
munmap(0x40000000, 4096)                = 0
exit_group(1)                           = ?
