testdir/1fl9A.1a4x_B.burnham.9.bb                                                                     0.5066  0.5066  0.4832  0.0131  0.5374  0.4975  0.0000
testdir/1fl9A.1a5t.dali.4.bb                                                                          1.1542  1.2983  1.2347  0.0581  0.7008  0.0000  0.0000
testdir/1fl9A.1a5t.raptor.2.bb                                                                        1.3644  1.2748  1.2968  0.0581  0.5834  0.7532  0.0000
testdir/1fl9A.1ak2.foldfit.10.bb                                                                      1.0709  1.1428  1.1129  0.0884  0.6574  0.0471  0.0000
testdir/1fl9A.1ake_A.foldfit.8.bb                                                                     1.1476  1.2764  1.2370  0.0392  0.6444  0.0984  0.0000
testdir/1fl9A.1b0u_A.foldfit.2.bb                                                                     1.4115  1.2071  1.3093  0.0470  0.6146  1.0000  0.0000
testdir/1fl9A.1b0u_A.fugsa.2.bb                                                                       1.3133  1.2371  1.2355 -0.0121  0.1915  1.0000  0.3783
testdir/1fl9A.1b0u_A.fugu3.3.bb                                                                       1.3095  1.1976  1.2167 -0.0121  0.1915  1.0000  0.5325
testdir/1fl9A.1b0u_A.mgenthreader.4.bb                                                                1.1469  1.1534  1.1798 -0.0119  0.2830  0.7360  0.0000
testdir/1fl9A.1b0u_A.pdbblast.6.bb                                                                    0.9860  0.9860  1.0204 -0.0349  0.0460  0.2415  0.0000
testdir/1fl9A.1byu_A.genthreader.6.bb                                                                 0.8417  1.0250  1.0645  0.0346  0.2135  0.0313  0.0000
testdir/1fl9A.1cc0_A.inbgu.10.bb                                                                      0.8205  1.0950  0.9801  0.0040  0.1696  0.0000  0.0000
testdir/1fl9A.1cke_A.orffirst.6.bb                                                                    0.7444  1.0482  1.0175 -0.0239  0.0154  0.0000  0.0000
testdir/1fl9A.1cke_A.pdbblast.4.bb                                                                    0.8236  1.0347  0.9710 -0.0234  0.0154  0.2972  0.0000
testdir/1fl9A.1cke_A.samt02.5.bb                                                                      0.7987  1.1224  1.0348 -0.0146  0.0369  0.0000  0.0000
testdir/1fl9A.1ct9_A.blast.1.bb                                                                       0.0032  0.0032  0.0040  0.0039  0.1772  0.0000  0.0000
testdir/1fl9A.1d2n_A.3dhit.9.bb                                                                       1.5067  1.3320  1.3062  0.0975  0.5772  1.0000  0.0556
testdir/1fl9A.1d2n_A.genthreader.9.bb                                                                 1.1131  1.3360  1.2622  0.0439  0.4845  0.0000  0.0000
testdir/1fl9A.1d2n_A.orf_b.5.bb                                                                       1.2374  1.2732  1.2619 -0.0320  0.0542  1.0000  0.0000
testdir/1fl9A.1d2n_A.orfeus.6.bb                                                                      1.2191  1.2708  1.2114 -0.0320  0.0542  0.9782  0.0000
testdir/1fl9A.1d2n_A.raptor.7.bb                                                                      1.1483  1.2671  1.2300  0.0391  0.6408  0.1234  0.0000
testdir/1fl9A.1d6j_A.orf_c.5.bb                                                                       1.1601  1.1813  1.1586  0.0102  0.0668  0.8790  0.0000
testdir/1fl9A.1d6j_A.orfeus.10.bb                                                                     1.1651  1.1835  1.1586  0.0103  0.0669  0.8910  0.0000
testdir/1fl9A.1d6j_A.raptor.5.bb                                                                      1.1768  1.2807  1.2804  0.0415  0.4976  0.2723  0.0000
testdir/1fl9A.1d8c_A.blast.3.bb                                                                       0.0003  0.0003  0.0001  0.0169 -0.0457  0.0000  0.0000
testdir/1fl9A.1do0_A.dali.5.bb                                                                        1.0783  1.2630  1.2489  0.0696  0.4465  0.0000  0.0000
testdir/1fl9A.1dqp_B.burnham.4.bb                                                                     0.3828  0.3828  0.4006  0.0033  0.2289  0.8680  0.0000
testdir/1fl9A.1dvr_A.orf_c.9.bb                                                                       0.9393  0.9393  0.8616 -0.0261  0.0690  0.8333  0.0000
testdir/1fl9A.1e0k_F.burnham.5.bb                                                                     1.2193  1.2146  1.1480  0.0118  0.2476  0.8629  0.0000
testdir/1fl9A.1e0s_A.superfamily.10.bb                                                                0.9255  0.9255  0.9156  0.0701  0.6936  0.1962  0.0000
testdir/1fl9A.1e0s_A.superfamily.9.bb                                                                 0.9255  0.9255  0.9156  0.0701  0.6935  0.0000  0.0000
testdir/1fl9A.1e2f_A.supfampp.1.bb                                                                    1.0911  1.3103  1.0985  0.0268  0.4865  0.1083  0.0000
testdir/1fl9A.1e2f_A.supfampp.1.bb2                                                                   1.0911  1.3103  1.0985  0.0268  0.4865  0.1083  0.0000
testdir/1fl9A.1e2f_A.supfampp.1.bb2~                                                                  1.0911  1.3103  1.0985  0.0268  0.4865  0.1083  0.0000
testdir/1fl9A.1e32_A.3dhit.8.bb                                                                       1.5245  1.3133  1.2946  0.1038  0.6685  1.0000  0.0679
testdir/1fl9A.1e32_A.dali.6.bb                                                                        1.1406  1.2694  1.1690  0.0579  0.7567  0.0000  0.0000
testdir/1fl9A.1e32_A.genthreader.5.bb                                                                 1.0018  1.2266  1.1391  0.0115  0.3971  0.0469  0.0000
testdir/1fl9A.1e32_A.mgenthreader.9.bb                                                                1.1295  1.2425  1.1754  0.0152  0.4709  0.3280  0.0000
testdir/1fl9A.1e32_A.orf_b.6.bb                                                                       1.2266  1.2026  1.1837  0.0020  0.1303  1.0000  0.0000
testdir/1fl9A.1e32_A.orf_c.4.bb                                                                       1.1789  1.2033  1.1533 -0.0052  0.1031  0.9059  0.0000
testdir/1fl9A.1e32_A.orfeus.5.bb                                                                      1.2148  1.2081  1.1319  0.0020  0.1303  0.9864  0.0000
testdir/1fl9A.1e4y_B.burnham.3.bb                                                                     0.8080  0.8080  0.7505 -0.0073 -0.3991  1.0000  0.0000
testdir/1fl9A.1e69_A.fugsa.8.bb                                                                       0.6604  0.6604  0.6513 -0.0116  0.0816  1.0000  0.0000
testdir/1fl9A.1e6c_A.orf_c.8.bb                                                                       1.0081  1.0497  0.9879 -0.0226  0.0154  0.8360  0.0000
testdir/1fl9A.1e9f_A.orfblast.3.bb                                                                    0.9358  1.0155  1.2332  0.0135  0.3524  0.1625  0.0000
testdir/1fl9A.1e9f_A.orffirst.10.bb                                                                   0.8970  1.0192  1.2900  0.0135  0.3524  0.0000  0.0000
testdir/1fl9A.1e9f_A.pdbblast.8.bb                                                                    0.8654  1.1447  1.1079 -0.0202  0.0018  0.1662  0.0000
testdir/1fl9A.1ea0_A.orffirst.1.bb                                                                    0.0040  0.0040  0.0012 -0.0010  0.1531  0.0000  0.0000
testdir/1fl9A.1ega_A.foldfit.7.bb                                                                     0.6737  0.6737  0.6480  0.1427  0.6325  0.1064  0.0000
testdir/1fl9A.1esm_A.genthreader.8.bb                                                                 0.8786  1.1490  1.0585 -0.0006  0.2334  0.0000  0.0000
testdir/1fl9A.1esm_A.mgenthreader.8.bb                                                                1.0464  1.1714  1.0753  0.0043  0.3814  0.3440  0.0000
testdir/1fl9A.1esm_A.orf_c.10.bb                                                                      1.0661  1.1034  1.0349 -0.0076  0.0592  0.8333  0.0000
testdir/1fl9A.1esm_A.raptor.8.bb                                                                      0.9155  1.1049  1.0095 -0.0042  0.3718  0.1106  0.0000
testdir/1fl9A.1esn_A.fugsa.6.bb                                                                       1.2660  1.1901  1.0890  0.0140  0.3320  1.0000  0.0267
testdir/1fl9A.1esn_A.fugu3.9.bb                                                                       1.2847  1.1956  1.0921  0.0140  0.3320  1.0000  0.1399
testdir/1fl9A.1f2t_A.raptor.1.bb                                                                      0.5058  0.5058  0.4346  0.0391  0.5258  0.8553  0.0000
testdir/1fl9A.1f3o_A.foldfit.4.bb                                                                     0.8425  0.8425  0.9006 -0.0018  0.2989  0.5820  0.0000
testdir/1fl9A.1f3o_A.fugsa.3.bb                                                                       0.1247  0.1247  0.0768 -0.0184  0.1631  1.0000  0.3398
testdir/1fl9A.1f3o_A.fugu3.4.bb                                                                       0.1004  0.1004  0.1025 -0.0184  0.1631  1.0000  0.4895
testdir/1fl9A.1f3o_A.fugu3.6.bb                                                                       0.5941  0.5941  0.7510 -0.0103  0.3079  1.0000  0.2773
testdir/1fl9A.1f3o_A.orffirst.8.bb                                                                    0.2837  0.2837  0.3454 -0.0212  0.0432  0.0000  0.0000
testdir/1fl9A.1f3o_A.samt99.9.bb                                                                      0.6715  0.6715  0.7857 -0.0308  0.0406  1.0000  0.0000
testdir/1fl9A.1f48_A.supfampp.2.bb                                                                    0.5801  0.5801  0.4453  0.0226  0.2428  0.1051  0.0000
testdir/1fl9A.1fnn_A.3dhit.6.bb                                                                       1.4962  1.2946  1.2784  0.0525  0.7339  1.0000  0.0710
testdir/1fl9A.1fnn_A.burnham.2.bb                                                                     1.4177  1.3339  1.3545  0.0197  0.3866  1.0000  0.0620
testdir/1fl9A.1fnn_A.genthreader.1.bb                                                                 1.2607  1.3308  1.2696  0.0475  0.5276  0.4219  0.0000
testdir/1fl9A.1fnn_A.genthreader.4.bb                                                                 1.0517  1.3188  1.2187  0.0123  0.2268  0.1406  0.0000
testdir/1fl9A.1fnn_A.mgenthreader.10.bb                                                               1.1352  1.3188  1.3617  0.0123  0.2268  0.3120  0.0000
testdir/1fl9A.1fnn_A.mgenthreader.7.bb                                                                1.3221  1.3338  1.5657  0.0475  0.5276  0.4240  0.0000
testdir/1fl9A.1fnn_A.orf_b.7.bb                                                                       1.2593  1.2632  1.3174 -0.0142  0.1020  0.9747  0.0000
testdir/1fl9A.1fnn_A.raptor.3.bb                                                                      1.2162  1.2798  1.2613  0.0703  0.4900  0.3574  0.0000
testdir/1fl9A.1fts.fugsa.7.bb                                                                         1.3197  1.2206  1.1851  0.0056  0.4354  1.0000  0.0000
testdir/1fl9A.1g19.rpfold.5.bb                                                                        0.3359  0.3359  0.3206  0.0007  0.3154  0.0000  0.0000
testdir/1fl9A.1g29_1.foldfit.6.bb                                                                     1.0329  1.2256  1.4032 -0.0010  0.2134  0.1583  0.0000
testdir/1fl9A.1g29_1.fugsa.1.bb                                                                       1.3520  1.2681  1.2474 -0.0084  0.2226  1.0000  0.4479
testdir/1fl9A.1g29_1.fugu3.2.bb                                                                       1.3958  1.2374  1.4385 -0.0084  0.2225  1.0000  0.6103
testdir/1fl9A.1g29_1.mgenthreader.3.bb                                                                1.1868  1.1872  1.3377 -0.0154  0.2173  0.7680  0.0000
testdir/1fl9A.1g29_1.mgenthreader.5.bb                                                                1.1688  1.1872  1.3377 -0.0154  0.2173  0.7120  0.0000
testdir/1fl9A.1g29_1.pdbblast.10.bb                                                                   0.8153  1.0718  1.1147 -0.0437  0.0572  0.1267  0.0000
testdir/1fl9A.1g29_2.samt99.10.bb                                                                     1.1041  1.0702  1.1698 -0.0443  0.0541  1.0000  0.0000
testdir/1fl9A.1g3i_A.3dhit.10.bb                                                                      1.4014  1.2144  1.2397  0.0619  0.5514  1.0000  0.0525
testdir/1fl9A.1g41_A.supfampp.10.bb                                                                   0.9276  1.1783  1.1099  0.0018  0.2050  0.0913  0.0000
testdir/1fl9A.1g6h_A.foldfit.3.bb                                                                     1.2346  1.1799  1.3630  0.0182  0.2676  0.8046  0.0000
testdir/1fl9A.1g6h_A.fugu3.1.bb                                                                       1.3482  1.1804  1.2860 -0.0127  0.2158  1.0000  0.7403
testdir/1fl9A.1g6h_A.orffirst.4.bb                                                                    0.9435  1.1919  1.4484 -0.0109  0.1247  0.0000  0.0000
testdir/1fl9A.1g6o_A.fugsa.4.bb                                                                       1.2659  1.1031  1.0226  0.0216  0.4728  1.0000  0.1515
testdir/1fl9A.1g6o_A.fugu3.5.bb                                                                       1.2841  1.1035  1.0267  0.0216  0.4728  1.0000  0.2792
testdir/1fl9A.1g6o_A.orfblast.7.bb                                                                    0.7991  1.0877  1.0096 -0.0203  0.1401  0.0000  0.0000
testdir/1fl9A.1g6o_A.supfampp.8.bb                                                                    0.0000  0.0000  0.0000  0.0000  0.0000  0.0924  0.0000
testdir/1fl9A.1g8p_A.orfblast.4.bb                                                                    0.5851  0.5851  0.4769 -0.0043  0.1329  0.2561  0.0000
testdir/1fl9A.1g8p_A.orffirst.9.bb                                                                    0.5832  0.5832  0.4888 -0.0043  0.1329  0.0000  0.0000
testdir/1fl9A.1g8p_A.pdbblast.5.bb                                                                    0.5756  0.5756  0.4597 -0.0043  0.1329  0.2594  0.0000
testdir/1fl9A.1g8y_A.fugsa.5.bb                                                                       1.2401  1.1729  1.1035  0.0006  0.2778  1.0000  0.0508
testdir/1fl9A.1g8y_A.fugu3.7.bb                                                                       1.2576  1.1772  1.1014  0.0006  0.2778  1.0000  0.1667
testdir/1fl9A.1gaj_A.dali.8.bb                                                                        1.1564  1.1476  1.2467  0.0753  0.9577  0.0000  0.0000
testdir/1fl9A.1gaj_A.mgenthreader.1.bb                                                                1.2329  1.1943  1.3350 -0.0104  0.1639  0.9360  0.0000
testdir/1fl9A.1gaj_A.pdbblast.1.bb                                                                    1.0340  1.1938  1.2633 -0.0185  0.0963  0.4334  0.0000
testdir/1fl9A.1gwn_A.inbgu.4.bb                                                                       1.0141  1.1228  0.9855  0.0296  0.5442  0.1935  0.0000
testdir/1fl9A.1h65_A.orf_c.6.bb                                                                       0.9559  0.9559  0.9269 -0.0040  0.3631  0.8414  0.0000
testdir/1fl9A.1hgx_A.inbgu.8.bb                                                                       0.4389  0.4389  0.4232  0.0790  0.6517  0.0000  0.0000
testdir/1fl9A.1hgx_B.burnham.8.bb                                                                     0.4059  0.4059  0.4677  0.0023  0.3895  0.5584  0.0000
testdir/1fl9A.1hn5_B.3dhit.2.bb                                                                       1.4462  1.3020  1.2783  0.0754  0.4363  1.0000  0.1481
testdir/1fl9A.1hn5_C.orf_b.8.bb                                                                       1.1411  1.1817  1.1736 -0.0312  0.0101  0.9399  0.0000
testdir/1fl9A.1hn5_C.orfblast.10.bb                                                                   0.9377  1.2380  1.1855 -0.0084  0.1763  0.0217  0.0000
testdir/1fl9A.1hn5_C.orfeus.8.bb                                                                      1.1229  1.1807  1.1367 -0.0312  0.0102  0.9074  0.0000
testdir/1fl9A.1hn5_F.3dhit.5.bb                                                                       1.5268  1.3460  1.3406  0.0778  0.6343  1.0000  0.0802
testdir/1fl9A.1hqc_A.dali.9.bb                                                                        0.9024  1.0395  1.0326  0.0742  0.3791  0.0000  0.0000
testdir/1fl9A.1hqc_A.inbgu.2.bb                                                                       0.8987  0.8987  0.8490 -0.0124  0.3220  0.6935  0.0000
testdir/1fl9A.1hqc_A.orf_b.3.bb                                                                       0.9547  0.9547  0.9947  0.0018  0.1132  1.0000  0.0000
testdir/1fl9A.1hqc_A.orf_c.1.bb                                                                       0.9434  0.9434  0.9629  0.0132  0.3206  1.0000  0.0000
testdir/1fl9A.1hqc_A.orfeus.1.bb                                                                      0.9492  0.9492  0.9629  0.0132  0.3206  1.0000  0.0000
testdir/1fl9A.1hqc_A.orffirst.5.bb                                                                    0.7934  0.7934  0.7950 -0.0250  0.0898  0.0000  0.0000
testdir/1fl9A.1hqc_A.pdbblast.3.bb                                                                    0.7809  0.7809  0.7714 -0.0249  0.0896  0.3849  0.0000
testdir/1fl9A.1hqc_A.raptor.4.bb                                                                      1.0069  1.0007  1.1012  0.0383  0.4689  0.3447  0.0000
testdir/1fl9A.1hur_A.genthreader.2.bb                                                                 0.9494  1.1017  1.0140  0.0190  0.3535  0.1875  0.0000
testdir/1fl9A.1i2d_A.genthreader.3.bb                                                                 1.1535  1.3294  1.2890  0.0319  0.4702  0.1563  0.0000
testdir/1fl9A.1i2m_A.samt02.1.bb                                                                      0.8311  1.0421  1.0175  0.0351  0.2113  0.0000  0.0000
testdir/1fl9A.1ihu_A.fugsa.10.bb                                                                      1.2310  1.1788  1.1270  0.0104  0.2160  1.0000  0.0000
testdir/1fl9A.1in4_A.3dhit.7.bb                                                                       1.5192  1.3412  1.3277  0.0674  0.6548  1.0000  0.0710
testdir/1fl9A.1in4_A.genthreader.10.bb                                                                0.9645  0.9645  0.9173  0.0012  0.2935  0.0000  0.0000
testdir/1fl9A.1in4_A.orf_b.4.bb                                                                       1.2007  1.2290  1.1929 -0.0380  0.0700  1.0000  0.0000
testdir/1fl9A.1in4_A.orf_c.2.bb                                                                       1.2465  1.2470  1.2393 -0.0100  0.1042  1.0000  0.0000
testdir/1fl9A.1in4_A.orfeus.2.bb                                                                      1.2485  1.2508  1.2393 -0.0100  0.1042  1.0000  0.0000
testdir/1fl9A.1in4_A.orffirst.2.bb                                                                    1.0537  1.3259  1.3302  0.0123  0.3063  0.0000  0.0000
testdir/1fl9A.1in4_A.pdbblast.2.bb                                                                    1.1620  1.3075  1.2711  0.0123  0.3063  0.4050  0.0000
testdir/1fl9A.1in4_A.samt02.2.bb                                                                      0.9739  1.3198  1.3243 -0.0230  0.1076  0.0000  0.0000
testdir/1fl9A.1in4_A.supfampp.4.bb                                                                    0.9721  1.2128  1.1078 -0.0054  0.2616  0.1423  0.0000
testdir/1fl9A.1in4.rpfold.3.bb                                                                        1.3632  1.4095  1.3664  0.0244  0.5715  0.5172  0.1064
testdir/1fl9A.1in5.rpfold.1.bb                                                                        1.4980  1.4054  1.3338  0.0032  0.3322  1.0000  0.5957
testdir/1fl9A.1in7.rpfold.2.bb                                                                        1.3737  1.4142  1.3745  0.0259  0.5917  0.5172  0.1064
testdir/1fl9A.1in8_A.inbgu.9.bb                                                                       1.0673  1.3350  1.2845  0.0030  0.3963  0.0000  0.0000
testdir/1fl9A.1iqp_A.3dhit.3.bb                                                                       1.3747  1.2746  1.2614  0.0291  0.3635  1.0000  0.1142
testdir/1fl9A.1iqp_A.dali.2.bb                                                                        1.0046  1.2377  1.1584  0.0202  0.4067  0.0000  0.0000
testdir/1fl9A.1iqp_A.fugsa.9.bb                                                                       1.2287  1.1232  1.0548 -0.0046  0.4088  1.0000  0.0000
testdir/1fl9A.1iqp_A.orf_b.2.bb                                                                       1.3279  1.2557  1.1789  0.0289  0.3446  1.0000  0.0000
testdir/1fl9A.1iqp_A.orfeus.4.bb                                                                      1.3343  1.2620  1.2031  0.0289  0.3446  0.9946  0.0000
testdir/1fl9A.1j7k.rpfold.4.bb                                                                        0.1719  0.1719  0.2786  0.0004  0.3039  0.4828  0.0851
testdir/1fl9A.1j90_A.orfblast.2.bb                                                                    0.9641  0.9641  0.9524  0.0128  0.2891  0.0000  0.0000
testdir/1fl9A.1j90_A.samt02.3.bb                                                                      0.1201  0.1201  0.1486 -0.0090  0.0515  0.0000  0.0000
testdir/1fl9A.1j90_A.superfamily.1.bb                                                                 0.9726  1.0296  1.0186  0.0291  0.4346  0.2884  0.0000
testdir/1fl9A.1j90_A.superfamily.2.bb                                                                 0.8802  1.0296  1.0186  0.0291  0.4346  0.0000  0.0000
testdir/1fl9A.1j90_A.superfamily.3.bb                                                                 0.8964  1.0296  1.0186  0.0291  0.4346  0.0505  0.0000
testdir/1fl9A.1j90_A.superfamily.4.bb                                                                 0.8913  1.0296  1.0186  0.0291  0.4346  0.0348  0.0000
testdir/1fl9A.1jbk_A.inbgu.5.bb                                                                       0.9268  0.9268  0.7964  0.0653  0.7472  0.1855  0.0000
testdir/1fl9A.1jbk_A.raptor.10.bb                                                                     0.9789  1.1361  1.0956  0.1053  0.3528  0.0000  0.0000
testdir/1fl9A.1jj7_A.fugu3.8.bb                                                                       1.2105  1.1420  1.1552 -0.0115  0.1668  1.0000  0.1516
testdir/1fl9A.1jj7_A.mgenthreader.2.bb                                                                1.1323  1.1122  1.1411 -0.0124  0.2145  0.8400  0.0000
testdir/1fl9A.1jj7_A.orfblast.9.bb                                                                    0.8814  0.8814  0.9211 -0.0288  0.1176  0.0016  0.0000
testdir/1fl9A.1jjv_A.blast.4.bb                                                                       0.9514  0.9514  0.9619 -0.0178  0.0876  0.0000  0.0000
testdir/1fl9A.1jpn_A.fugu3.10.bb                                                                      1.2834  1.1530  1.1607  0.0020  0.3979  1.0000  0.1222
testdir/1fl9A.1jr3_A.orf_b.10.bb                                                                      1.1696  1.2184  1.1756 -0.0304  0.0793  0.9082  0.0000
testdir/1fl9A.1jr3_A.orf_c.3.bb                                                                       1.3060  1.2670  1.2413 -0.0002  0.3317  0.9435  0.0000
testdir/1fl9A.1jr3_A.orfeus.7.bb                                                                      1.3123  1.2709  1.2413 -0.0002  0.3317  0.9564  0.0000
testdir/1fl9A.1jr3_A.raptor.6.bb                                                                      1.2319  1.2494  1.2624  0.0519  0.8897  0.1617  0.0000
testdir/1fl9A.1jr3_A.supfampp.5.bb                                                                    0.8660  1.1618  1.0592 -0.0282  0.1571  0.0578  0.0000
testdir/1fl9A.1jsq_A.orfblast.8.bb                                                                    0.0000  0.0000  0.0000 -2.0000 -2.0000  0.0502  0.0000
testdir/1fl9A.1kag_A.blast.5.bb                                                                       0.7893  0.7893  0.8286 -0.0250  0.0050  0.0000  0.0000
testdir/1fl9A.1kag_A.foldfit.9.bb                                                                     0.9781  0.9781  0.9026  0.0397  0.3875  0.0643  0.0000
testdir/1fl9A.1kdo_A.samt02.4.bb                                                                      0.7898  1.1156  1.0208 -0.0158  0.0303  0.0000  0.0000
testdir/1fl9A.1kim_A.blast.2.bb                                                                       0.6859  0.6859  0.8037 -0.0247  0.0497  0.0000  0.0000
testdir/1fl9A.1kim_A.orfblast.1.bb                                                                    0.8900  0.8900  0.8786 -0.0160  0.0628  0.2742  0.0000
testdir/1fl9A.1kim_A.orffirst.3.bb                                                                    0.8917  0.8917  0.9967 -0.0160  0.0628  0.0000  0.0000
testdir/1fl9A.1ksg_A.inbgu.3.bb                                                                       1.1991  1.1788  1.0808  0.0228  0.4805  0.6855  0.0000
testdir/1fl9A.1kt9_A.raptor.9.bb                                                                      0.1069  0.1069  0.1106  0.0602  0.5032  0.0298  0.0000
testdir/1fl9A.1ky2_A.inbgu.1.bb                                                                       1.4070  1.2236  1.0758  0.0670  0.8697  0.8468  0.0140
testdir/1fl9A.1l4u_A.inbgu.6.bb                                                                       0.9558  1.1056  1.0852  0.0360  0.3561  0.1210  0.0000
testdir/1fl9A.1l4u_A.orfblast.6.bb                                                                    0.8509  0.8509  0.8018 -0.0291  0.0063  0.0000  0.0000
testdir/1fl9A.1l7v_C.dali.7.bb                                                                        1.1383  1.1364  1.1813  0.1107  0.8754  0.0000  0.0000
testdir/1fl9A.1l7v_C.orfblast.5.bb                                                                    0.4550  0.4550  0.4495 -0.0213  0.0418  0.2191  0.0000
testdir/1fl9A.1lfs_A.3dhit.4.bb                                                                       1.3010  1.2167  1.1919  0.0183  0.2868  1.0000  0.0988
testdir/1fl9A.1lfs_A.dali.3.bb                                                                        1.0459  1.2522  1.1815  0.0313  0.4889  0.0000  0.0000
testdir/1fl9A.1lfs_A.orf_b.1.bb                                                                       0.4276  0.4276  0.3878  0.0223  0.3330  1.0000  0.0000
testdir/1fl9A.1lfs_A.orf_c.7.bb                                                                       0.3316  0.3316  0.5222 -0.0093 -0.0710  0.8387  0.0000
testdir/1fl9A.1lfs_A.orfeus.3.bb                                                                      0.4250  0.4250  0.6862  0.0223  0.3330  1.0000  0.0000
testdir/1fl9A.1lkx_A.pdbblast.9.bb                                                                    0.9675  1.2150  1.1913  0.0083  0.1386  0.1468  0.0000
testdir/1fl9A.1mh1.superfamily.5.bb                                                                   1.0267  1.1539  1.1880  0.0087  0.3960  0.2202  0.0000
testdir/1fl9A.1nbd.foldfit.5.bb                                                                       0.4291  0.4291  0.4195  0.0359  0.3400  0.2816  0.0000
testdir/1fl9A.1nbd.mgenthreader.6.bb                                                                  0.4490  0.4490  0.4178 -0.0306  0.0998  0.6160  0.0000
testdir/1fl9A.1nks_F.burnham.10.bb                                                                    1.1684  1.1741  1.1590  0.0306  0.5545  0.4721  0.0000
testdir/1fl9A.1nsf.burnham.1.bb                                                                       1.4136  1.2612  1.1288  0.0201  0.6147  1.0000  0.1989
testdir/1fl9A.1opy.inbgu.7.bb                                                                         0.2203  0.2203  0.2138  0.0371  0.3045  0.0565  0.0000
testdir/1fl9A.1rrg_A.orf_b.9.bb                                                                       0.7289  0.7289  0.6620  0.0666  0.7781  0.9304  0.0000
testdir/1fl9A.1rrg_A.orfeus.9.bb                                                                      0.7320  0.7320  0.6566  0.0666  0.7781  0.9074  0.0000
testdir/1fl9A.1rrg_A.orffirst.7.bb                                                                    0.8645  1.1423  1.0944  0.0116  0.1370  0.0000  0.0000
testdir/1fl9A.1sky_B.dali.10.bb                                                                       1.1233  1.2825  1.2580  0.0469  0.6255  0.0000  0.0000
testdir/1fl9A.1sky_E.pdbblast.7.bb                                                                    0.8306  1.0375  1.0331 -0.0281  0.1133  0.2040  0.0000
testdir/1fl9A.1sky_E.supfampp.7.bb                                                                    0.8423  1.1284  1.1194 -0.0127  0.0075  0.0942  0.0000
testdir/1fl9A.1zak_B.burnham.7.bb                                                                     1.1322  1.2031  1.1782 -0.0010  0.1709  0.6802  0.0000
testdir/1fl9A.1zin.genthreader.7.bb                                                                   0.9679  1.2434  1.2509 -0.0031  0.2248  0.0156  0.0000
testdir/1fl9A.2ak2.burnham.6.bb                                                                       0.8109  0.8109  0.7529  0.0260  0.2355  0.6904  0.0000
testdir/1fl9A.2mys_A.supfampp.6.bb                                                                    0.7979  1.0622  0.9365 -0.0131  0.1662  0.0477  0.0000
testdir/1fl9A.2mys_A.supfampp.8.bb                                                                    0.8122  1.0622  0.9365 -0.0131  0.1662  0.0925  0.0000
testdir/1fl9A.2ngr_A.superfamily.6.bb                                                                 0.9269  1.1231  1.1274  0.0069  0.3887  0.0068  0.0000
testdir/1fl9A.2ngr_A.superfamily.7.bb                                                                 0.9247  1.1231  1.1274  0.0069  0.3885  0.0000  0.0000
testdir/1fl9A.2ngr_A.superfamily.8.bb                                                                 0.9891  1.1231  1.1274  0.0069  0.3885  0.2010  0.0000
testdir/1fl9A.2reb.dali.1.bb                                                                          1.2711  1.3164  1.3249  0.1477  0.8207  0.0000  0.0000
testdir/1fl9A.4tmk_A.supfampp.3.bb                                                                    0.8964  1.1227  0.9724  0.0204  0.2525  0.0944  0.0000
