testdir/1fl9A.1ak2.foldfit.10.bb                                                                      0.9898  0.9898  1.0167  0.0884  0.6574  0.0471  0.0000
testdir/1fl9A.1ake_A.foldfit.8.bb                                                                     1.0632  1.1549  1.1353  0.0392  0.6444  0.0984  0.0000
testdir/1fl9A.1b0u_A.foldfit.2.bb                                                                     1.5379  1.3084  1.6753  0.0470  0.6146  1.0000  0.0000
testdir/1fl9A.1b0u_A.mgenthreader.4.bb                                                                1.0781  1.1312  0.8933 -0.0119  0.2830  0.7360  0.0000
testdir/1fl9A.1cc0_A.inbgu.10.bb                                                                      0.8581  1.1457  1.0345  0.0040  0.1696  0.0000  0.0000
testdir/1fl9A.1d2n_A.orfeus.6.bb                                                                      1.1890  1.1933  1.2650 -0.0320  0.0542  0.9782  0.0000
testdir/1fl9A.1d6j_A.orfeus.10.bb                                                                     1.1367  1.1031  1.2290  0.0102  0.0668  0.8910  0.0000
testdir/1fl9A.1e32_A.mgenthreader.9.bb                                                                1.1421  1.2218  1.2931  0.0152  0.4709  0.3280  0.0000
testdir/1fl9A.1e32_A.orfeus.5.bb                                                                      1.2664  1.1990  1.4146  0.0020  0.1303  0.9864  0.0000
testdir/1fl9A.1ega_A.foldfit.7.bb                                                                     0.7144  0.7144  0.6885  0.1427  0.6325  0.1064  0.0000
testdir/1fl9A.1esm_A.mgenthreader.8.bb                                                                1.0236  1.0946  1.1638  0.0043  0.3814  0.3440  0.0000
testdir/1fl9A.1f3o_A.foldfit.4.bb                                                                     0.8109  0.8109  1.0138 -0.0018  0.2989  0.5820  0.0000
testdir/1fl9A.1fnn_A.mgenthreader.10.bb                                                               1.0813  1.2319  1.3215  0.0123  0.2268  0.3120  0.0000
testdir/1fl9A.1fnn_A.mgenthreader.7.bb                                                                1.2696  1.2780  1.4501  0.0475  0.5276  0.4240  0.0000
testdir/1fl9A.1g29_1.foldfit.6.bb                                                                     1.1764  1.3790  1.7169 -0.0010  0.2134  0.1583  0.0000
testdir/1fl9A.1g29_1.mgenthreader.3.bb                                                                1.0878  1.1656  0.8988 -0.0154  0.2173  0.7680  0.0000
testdir/1fl9A.1g29_1.mgenthreader.5.bb                                                                1.0699  1.1656  0.8988 -0.0154  0.2173  0.7120  0.0000
testdir/1fl9A.1g6h_A.foldfit.3.bb                                                                     1.3687  1.2902  1.7431  0.0182  0.2676  0.8046  0.0000
testdir/1fl9A.1gaj_A.mgenthreader.1.bb                                                                1.1421  1.1764  0.9273 -0.0104  0.1639  0.9360  0.0000
testdir/1fl9A.1gwn_A.inbgu.4.bb                                                                       1.0428  1.1711  1.0016  0.0296  0.5443  0.1935  0.0000
testdir/1fl9A.1hgx_A.inbgu.8.bb                                                                       0.3958  0.3958  0.5920  0.0790  0.6517  0.0000  0.0000
testdir/1fl9A.1hn5_C.orfeus.8.bb                                                                      1.0776  1.0537  1.2456 -0.0312  0.0101  0.9074  0.0000
testdir/1fl9A.1hqc_A.inbgu.2.bb                                                                       0.8861  0.8861  1.3060 -0.0123  0.3225  0.6935  0.0000
testdir/1fl9A.1hqc_A.orfeus.1.bb                                                                      0.8168  0.8168  0.5947  0.0132  0.3206  1.0000  0.0000
testdir/1fl9A.1in4_A.orfeus.2.bb                                                                      1.2181  1.1997  1.2195 -0.0100  0.1060  1.0000  0.0000
testdir/1fl9A.1in8_A.inbgu.9.bb                                                                       1.1419  1.3400  1.6452  0.0030  0.3963  0.0000  0.0000
testdir/1fl9A.1iqp_A.orfeus.4.bb                                                                      1.3178  1.1848  1.3247  0.0290  0.3446  0.9946  0.0000
testdir/1fl9A.1jbk_A.inbgu.5.bb                                                                       0.9545  0.9545  0.8083  0.0652  0.7471  0.1855  0.0000
testdir/1fl9A.1jj7_A.mgenthreader.2.bb                                                                1.0627  1.0918  0.8464 -0.0124  0.2145  0.8400  0.0000
testdir/1fl9A.1jr3_A.orfeus.7.bb                                                                      1.2603  1.1495  1.3024 -0.0002  0.3313  0.9564  0.0000
testdir/1fl9A.1kag_A.foldfit.9.bb                                                                     0.9799  0.9799  0.9584  0.0399  0.3875  0.0643  0.0000
testdir/1fl9A.1ksg_A.inbgu.3.bb                                                                       1.2762  1.3157  1.1059  0.0227  0.4804  0.6855  0.0000
testdir/1fl9A.1ky2_A.inbgu.1.bb                                                                       1.4047  1.2291  1.0499  0.0670  0.8697  0.8468  0.0140
testdir/1fl9A.1l4u_A.inbgu.6.bb                                                                       0.8771  1.0559  0.8221  0.0360  0.3561  0.1210  0.0000
testdir/1fl9A.1lfs_A.orfeus.3.bb                                                                      0.3505  0.3505  0.2378  0.0223  0.3331  1.0000  0.0000
testdir/1fl9A.1nbd.foldfit.5.bb                                                                       0.5267  0.5267  0.4545  0.0359  0.3400  0.2816  0.0000
testdir/1fl9A.1nbd.mgenthreader.6.bb                                                                  0.4962  0.4962  0.4570 -0.0306  0.0998  0.6160  0.0000
testdir/1fl9A.1opy.inbgu.7.bb                                                                         0.1841  0.1841  0.5397  0.0371  0.3045  0.0565  0.0000
testdir/1fl9A.1rrg_A.orfeus.9.bb                                                                      0.8127  0.8127  1.2304  0.0666  0.7781  0.9074  0.0000
